c:\programowanie_c++\baza_biblioteka\librarydb\librarydb\librarydb\x64\release\librarydb.pch
c:\programowanie_c++\baza_biblioteka\librarydb\librarydb\librarydb\x64\release\vc140.pdb
c:\programowanie_c++\baza_biblioteka\librarydb\librarydb\librarydb\x64\release\stdafx.obj
c:\programowanie_c++\baza_biblioteka\librarydb\librarydb\librarydb\x64\release\viewcontroller.obj
c:\programowanie_c++\baza_biblioteka\librarydb\librarydb\librarydb\x64\release\utils.obj
c:\programowanie_c++\baza_biblioteka\librarydb\librarydb\librarydb\x64\release\usersrepository.obj
c:\programowanie_c++\baza_biblioteka\librarydb\librarydb\librarydb\x64\release\libraryuser.obj
c:\programowanie_c++\baza_biblioteka\librarydb\librarydb\librarydb\x64\release\librarymanager.obj
c:\programowanie_c++\baza_biblioteka\librarydb\librarydb\librarydb\x64\release\librarydb.obj
c:\programowanie_c++\baza_biblioteka\librarydb\librarydb\librarydb\x64\release\filemanager.obj
c:\programowanie_c++\baza_biblioteka\librarydb\librarydb\librarydb\x64\release\booksrepository.obj
c:\programowanie_c++\baza_biblioteka\librarydb\librarydb\librarydb\x64\release\book.obj
c:\programowanie_c++\baza_biblioteka\librarydb\librarydb\librarydb\x64\release\tinyxmlparser.obj
c:\programowanie_c++\baza_biblioteka\librarydb\librarydb\librarydb\x64\release\tinyxmlerror.obj
c:\programowanie_c++\baza_biblioteka\librarydb\librarydb\librarydb\x64\release\tinyxml.obj
c:\programowanie_c++\baza_biblioteka\librarydb\librarydb\librarydb\x64\release\tinystr.obj
c:\programowanie_c++\baza_biblioteka\librarydb\librarydb\x64\release\librarydb.exe
c:\programowanie_c++\baza_biblioteka\librarydb\librarydb\x64\release\librarydb.ipdb
c:\programowanie_c++\baza_biblioteka\librarydb\librarydb\x64\release\librarydb.iobj
c:\programowanie_c++\baza_biblioteka\librarydb\librarydb\x64\release\librarydb.pdb
c:\programowanie_c++\baza_biblioteka\librarydb\librarydb\librarydb\x64\release\librarydb.tlog\cl.command.1.tlog
c:\programowanie_c++\baza_biblioteka\librarydb\librarydb\librarydb\x64\release\librarydb.tlog\cl.read.1.tlog
c:\programowanie_c++\baza_biblioteka\librarydb\librarydb\librarydb\x64\release\librarydb.tlog\cl.write.1.tlog
c:\programowanie_c++\baza_biblioteka\librarydb\librarydb\librarydb\x64\release\librarydb.tlog\link.command.1.tlog
c:\programowanie_c++\baza_biblioteka\librarydb\librarydb\librarydb\x64\release\librarydb.tlog\link.read.1.tlog
c:\programowanie_c++\baza_biblioteka\librarydb\librarydb\librarydb\x64\release\librarydb.tlog\link.write.1.tlog
